<?xml version="1.0" encoding="UTF-8"?>
<!-- Generated by org.testng.reporters.JUnitReportReporter -->
<testsuite hostname="LAPTOP-13M4B933" failures="0" tests="4" name="practice.api.rest1.Test23" time="1.979" errors="0" timestamp="2025-03-02T17:58:47 IST" skipped="0">
  <testcase classname="practice.api.rest1.Test23" name="Reqc23" time="0.811"/>
  <system-out/>
  <testcase classname="practice.api.rest1.Test23" name="Ser23" time="0.005"/>
  <system-out/>
  <testcase classname="practice.api.rest1.Test23" name="Subm23" time="1.135"/>
  <system-out/>
  <testcase classname="practice.api.rest1.Test23" name="Dser23" time="0.028"/>
  <system-out/>
</testsuite> <!-- practice.api.rest1.Test23 -->
