<?xml version="1.0" encoding="UTF-8"?>
<!-- Generated by org.testng.reporters.JUnitReportReporter -->
<testsuite hostname="LAPTOP-13M4B933" failures="0" tests="3" name="practice.api.rest1.Practice_API" time="3.301" errors="0" timestamp="2025-05-21T08:59:44 IST" skipped="0">
  <testcase classname="practice.api.rest1.Practice_API" name="RequestC2" time="0.867"/>
  <system-out/>
  <testcase classname="practice.api.rest1.Practice_API" name="SubmitR" time="2.381"/>
  <system-out/>
  <testcase classname="practice.api.rest1.Practice_API" name="ResponseG" time="0.053"/>
  <system-out/>
</testsuite> <!-- practice.api.rest1.Practice_API -->
