<?xml version="1.0" encoding="UTF-8"?>
<!-- Generated by org.testng.reporters.JUnitReportReporter -->
<testsuite hostname="LAPTOP-13M4B933" failures="0" tests="4" name="practice.api.rest1.Testing2" time="1.966" errors="0" timestamp="2025-06-19T16:54:08 IST" skipped="0">
  <testcase classname="practice.api.rest1.Testing2" name="RequestC2" time="0.546"/>
  <system-out/>
  <testcase classname="practice.api.rest1.Testing2" name="SubGet2" time="1.101"/>
  <system-out/>
  <testcase classname="practice.api.rest1.Testing2" name="Response2" time="0.002"/>
  <system-out/>
  <testcase classname="practice.api.rest1.Testing2" name="Deserialization2" time="0.317"/>
  <system-out/>
</testsuite> <!-- practice.api.rest1.Testing2 -->
