<?xml version="1.0" encoding="UTF-8"?>
<!-- Generated by org.testng.reporters.JUnitReportReporter -->
<testsuite hostname="LAPTOP-13M4B933" failures="0" tests="2" name="practice.api.rest1.Test25" time="0.247" errors="0" timestamp="2025-06-20T06:53:41 IST" skipped="0">
  <testcase classname="practice.api.rest1.Test25" name="Response25" time="0.009"/>
  <system-out/>
  <testcase classname="practice.api.rest1.Test25" name="Deser25" time="0.238"/>
  <system-out/>
</testsuite> <!-- practice.api.rest1.Test25 -->
