<?xml version="1.0" encoding="UTF-8"?>
<!-- Generated by org.testng.reporters.JUnitReportReporter -->
<testsuite hostname="LAPTOP-13M4B933" failures="0" tests="3" name="practice.api.rest.Api5" time="0.321" errors="0" timestamp="2025-02-25T13:47:42 IST" skipped="0">
  <testcase classname="practice.api.rest.Api5" name="JsonRes5" time="0.008"/>
  <system-out/>
  <testcase classname="practice.api.rest.Api5" name="Dser5" time="0.303"/>
  <system-out/>
  <testcase classname="practice.api.rest.Api5" name="Ser5" time="0.010"/>
  <system-out/>
</testsuite> <!-- practice.api.rest.Api5 -->
