<?xml version="1.0" encoding="UTF-8"?>
<!-- Generated by org.testng.reporters.JUnitReportReporter -->
<testsuite hostname="LAPTOP-13M4B933" failures="0" tests="1" name="practice.api.rest1.Test25Ignore" time="0.274" errors="0" timestamp="2025-06-20T14:09:53 IST" skipped="0">
  <testcase classname="practice.api.rest1.Test25Ignore" name="TestIgnore25" time="0.274"/>
  <system-out/>
</testsuite> <!-- practice.api.rest1.Test25Ignore -->
