<?xml version="1.0" encoding="UTF-8"?>
<!-- Generated by org.testng.reporters.JUnitReportReporter -->
<testsuite hostname="LAPTOP-13M4B933" failures="0" tests="5" name="practice.api.rest.ResourceChain" time="3.730" errors="0" timestamp="2025-03-09T17:03:53 IST" skipped="0">
  <testcase classname="practice.api.rest.ResourceChain" name="Reqr1" time="0.924"/>
  <system-out/>
  <testcase classname="practice.api.rest.ResourceChain" name="Subm1" time="1.638"/>
  <system-out/>
  <testcase classname="practice.api.rest.ResourceChain" name="Res1" time="0.790"/>
  <system-out/>
  <testcase classname="practice.api.rest.ResourceChain" name="Reqr2" time="0.007"/>
  <system-out/>
  <testcase classname="practice.api.rest.ResourceChain" name="Subm2" time="0.371"/>
  <system-out/>
</testsuite> <!-- practice.api.rest.ResourceChain -->
