<?xml version="1.0" encoding="UTF-8"?>
<!-- Generated by org.testng.reporters.JUnitReportReporter -->
<testsuite hostname="LAPTOP-13M4B933" failures="0" tests="3" name="practice.api.rest1.Test13" time="1.502" errors="0" timestamp="2025-02-27T16:44:57 IST" skipped="0">
  <testcase classname="practice.api.rest1.Test13" name="Reqc13" time="0.533"/>
  <system-out/>
  <testcase classname="practice.api.rest1.Test13" name="Sub13" time="0.933"/>
  <system-out/>
  <testcase classname="practice.api.rest1.Test13" name="Res13" time="0.036"/>
  <system-out/>
</testsuite> <!-- practice.api.rest1.Test13 -->
