<?xml version="1.0" encoding="UTF-8"?>
<!-- Generated by org.testng.reporters.JUnitReportReporter -->
<testsuite hostname="LAPTOP-13M4B933" failures="0" tests="4" name="practice.api.rest.APi4" time="1.875" errors="0" timestamp="2025-02-24T05:27:53 IST" skipped="0">
  <testcase classname="practice.api.rest.APi4" name="Req2" time="0.616"/>
  <system-out/>
  <testcase classname="practice.api.rest.APi4" name="Subm2" time="0.966"/>
  <system-out/>
  <testcase classname="practice.api.rest.APi4" name="Dser1" time="0.290"/>
  <system-out/>
  <testcase classname="practice.api.rest.APi4" name="Res1" time="0.003"/>
  <system-out/>
</testsuite> <!-- practice.api.rest.APi4 -->
