<?xml version="1.0" encoding="UTF-8"?>
<!-- Generated by org.testng.reporters.JUnitReportReporter -->
<testsuite hostname="LAPTOP-13M4B933" failures="0" tests="5" name="practice.api.rest1.Test24" time="2.595" errors="0" timestamp="2025-03-07T17:26:23 IST" skipped="0">
  <testcase classname="practice.api.rest1.Test24" name="Reqc24" time="1.138"/>
  <system-out/>
  <testcase classname="practice.api.rest1.Test24" name="Ser24" time="0.005"/>
  <system-out/>
  <testcase classname="practice.api.rest1.Test24" name="Subm24" time="1.356"/>
  <system-out/>
  <testcase classname="practice.api.rest1.Test24" name="Res24" time="0.053"/>
  <system-out/>
  <testcase classname="practice.api.rest1.Test24" name="Deser24" time="0.043"/>
  <system-out/>
</testsuite> <!-- practice.api.rest1.Test24 -->
