<?xml version="1.0" encoding="UTF-8"?>
<!-- Generated by org.testng.reporters.JUnitReportReporter -->
<testsuite hostname="LAPTOP-13M4B933" failures="0" tests="3" name="practice.api.rest.Form2" time="3.164" errors="0" timestamp="2025-03-09T13:41:50 IST" skipped="0">
  <testcase classname="practice.api.rest.Form2" name="Reqc2" time="0.760"/>
  <system-out/>
  <testcase classname="practice.api.rest.Form2" name="Subf2" time="1.668"/>
  <system-out/>
  <testcase classname="practice.api.rest.Form2" name="Resf2" time="0.736"/>
  <system-out/>
</testsuite> <!-- practice.api.rest.Form2 -->
