<?xml version="1.0" encoding="UTF-8"?>
<!-- Generated by org.testng.reporters.JUnitReportReporter -->
<testsuite hostname="LAPTOP-13M4B933" failures="0" tests="3" name="practice.api.rest.Form1" time="2.450" errors="0" timestamp="2025-03-09T06:34:11 IST" skipped="0">
  <testcase classname="practice.api.rest.Form1" name="Reqf1" time="0.752"/>
  <system-out/>
  <testcase classname="practice.api.rest.Form1" name="Subf1" time="1.652"/>
  <system-out/>
  <testcase classname="practice.api.rest.Form1" name="Resf1" time="0.046"/>
  <system-out/>
</testsuite> <!-- practice.api.rest.Form1 -->
