<?xml version="1.0" encoding="UTF-8"?>
<!-- Generated by org.testng.reporters.JUnitReportReporter -->
<testsuite hostname="LAPTOP-13M4B933" failures="0" tests="4" name="practice.api.rest.Api2" time="2.851" errors="0" timestamp="2025-02-12T21:19:14 IST" skipped="0">
  <testcase classname="practice.api.rest.Api2" name="Resp" time="0.050"/>
  <system-out/>
  <testcase classname="practice.api.rest.Api2" name="ReqP" time="1.240"/>
  <system-out/>
  <testcase classname="practice.api.rest.Api2" name="Ser" time="0.005"/>
  <system-out/>
  <testcase classname="practice.api.rest.Api2" name="Subm" time="1.556"/>
  <system-out/>
</testsuite> <!-- practice.api.rest.Api2 -->
