<?xml version="1.0" encoding="UTF-8"?>
<!-- Generated by org.testng.reporters.JUnitReportReporter -->
<testsuite hostname="LAPTOP-13M4B933" failures="0" tests="3" name="practice.api.rest1.Testing1" time="2.715" errors="0" timestamp="2025-06-19T21:10:26 IST" skipped="0">
  <testcase classname="practice.api.rest1.Testing1" name="ReqP1" time="0.750"/>
  <system-out/>
  <testcase classname="practice.api.rest1.Testing1" name="SubPost1" time="1.935"/>
  <system-out/>
  <testcase classname="practice.api.rest1.Testing1" name="ResT1" time="0.030"/>
  <system-out/>
</testsuite> <!-- practice.api.rest1.Testing1 -->
