<?xml version="1.0" encoding="UTF-8"?>
<!-- Generated by org.testng.reporters.JUnitReportReporter -->
<testsuite hostname="LAPTOP-13M4B933" failures="0" tests="5" name="practice.api.rest1.Test22" time="2.016" errors="0" timestamp="2025-02-28T13:45:37 IST" skipped="0">
  <testcase classname="practice.api.rest1.Test22" name="Reqc22" time="0.818"/>
  <system-out/>
  <testcase classname="practice.api.rest1.Test22" name="Sub22" time="1.127"/>
  <system-out/>
  <testcase classname="practice.api.rest1.Test22" name="Ser22" time="0.004"/>
  <system-out/>
  <testcase classname="practice.api.rest1.Test22" name="Res22" time="0.040"/>
  <system-out/>
  <testcase classname="practice.api.rest1.Test22" name="Dser22" time="0.027"/>
  <system-out/>
</testsuite> <!-- practice.api.rest1.Test22 -->
