<?xml version="1.0" encoding="UTF-8"?>
<!-- Generated by org.testng.reporters.JUnitReportReporter -->
<testsuite hostname="LAPTOP-13M4B933" failures="0" tests="5" name="practice.api.rest.Api3" time="2.973" errors="0" timestamp="2025-02-21T13:38:41 IST" skipped="0">
  <testcase classname="practice.api.rest.Api3" name="Subm" time="1.724"/>
  <system-out/>
  <testcase classname="practice.api.rest.Api3" name="Des" time="0.065"/>
  <system-out/>
  <testcase classname="practice.api.rest.Api3" name="Resp" time="0.079"/>
  <system-out/>
  <testcase classname="practice.api.rest.Api3" name="Pser" time="0.278"/>
  <system-out/>
  <testcase classname="practice.api.rest.Api3" name="ReqP1" time="0.827"/>
  <system-out/>
</testsuite> <!-- practice.api.rest.Api3 -->
