<?xml version="1.0" encoding="UTF-8"?>
<!-- Generated by org.testng.reporters.JUnitReportReporter -->
<testsuite hostname="LAPTOP-13M4B933" failures="0" tests="1" name="practice.api.rest1.Test25Format" time="0.263" errors="0" timestamp="2025-06-20T13:09:12 IST" skipped="0">
  <testcase classname="practice.api.rest1.Test25Format" name="ResponseF25" time="0.263"/>
  <system-out/>
</testsuite> <!-- practice.api.rest1.Test25Format -->
