<?xml version="1.0" encoding="UTF-8"?>
<!-- Generated by org.testng.reporters.JUnitReportReporter -->
<testsuite hostname="LAPTOP-13M4B933" failures="0" tests="4" name="practice.api.rest1.Test25WeatherApi" time="1.721" errors="0" timestamp="2025-06-22T16:06:24 IST" skipped="0">
  <testcase classname="practice.api.rest1.Test25WeatherApi" name="WeatherReq25" time="0.520"/>
  <system-out/>
  <testcase classname="practice.api.rest1.Test25WeatherApi" name="WeatherGet25" time="0.956"/>
  <system-out/>
  <testcase classname="practice.api.rest1.Test25WeatherApi" name="WeatherRes25" time="0.002"/>
  <system-out/>
  <testcase classname="practice.api.rest1.Test25WeatherApi" name="WeatherDes25" time="0.243"/>
  <system-out/>
</testsuite> <!-- practice.api.rest1.Test25WeatherApi -->
