<?xml version="1.0" encoding="UTF-8"?>
<!-- Generated by org.testng.reporters.JUnitReportReporter -->
<testsuite hostname="LAPTOP-13M4B933" failures="0" tests="3" name="practice.api.rest.Api1" time="1.940" errors="0" timestamp="2025-02-09T14:24:25 IST" skipped="0">
  <testcase classname="practice.api.rest.Api1" name="Subm" time="1.158"/>
  <system-out/>
  <testcase classname="practice.api.rest.Api1" name="Resp" time="0.094"/>
  <system-out/>
  <testcase classname="practice.api.rest.Api1" name="Reqc" time="0.688"/>
  <system-out/>
</testsuite> <!-- practice.api.rest.Api1 -->
